<?xml version="1.0" encoding="UTF-8"?>
<testsuite xmlns:xsi="http://www.w3.org/2001/XMLSchema-instance" xsi:noNamespaceSchemaLocation="https://maven.apache.org/surefire/maven-surefire-plugin/xsd/surefire-test-report.xsd" version="3.0.2" name="CalculadoraTest" time="0.156" tests="6" errors="0" skipped="0" failures="0" flakes="0">
  <properties>
[...]
</properties>
  <testcase name="testSumar" classname="CalculadoraTest" time="0.082"/>
  <testcase name="testMultiplicar" classname="CalculadoraTest" time="0.012"/>
  <testcase name="testDividir" classname="CalculadoraTest" time="0.002"/>
  <testcase name="testPotencia" classname="CalculadoraTest" time="0.002"/>
  <testcase name="testRestar" classname="CalculadoraTest" time="0.002"/>
  <testcase name="testValorAbsoluto" classname="CalculadoraTest" time="0.004"/>
</testsuite>